Renderer info: Intel(R) UHD Graphics 630 version 4.6.0 - Build 26.20.100.7261 from Intel
Depth buffer bits: 24
Multisampling enabled
Adding file system path C:\Users\legoc\OneDrive - Columbia College Chicago\quake-leveldesign-starterkit-1.17.0\quakedev\trenchbroom\defaults\assets
Adding file system path C:\Users\legoc\OneDrive - Columbia College Chicago\quake-leveldesign-starterkit-1.17.0\quakedev\trenchbroom\defaults\assets
Adding file system path D:\quake-leveldesign-starterkit-1.17.0\quakedev\quakespasm\id1
Adding file system package PAK0.PAK
Adding file system package PAK1.PAK
Loading document from D:\quake-leveldesign-starterkit-1.17.0\quakedev\quakespasm\id1\maps\Evil-Restaurant\EvilRestaurantv01.map
Loaded entity definition file Quake.fgd
Loading palette file gfx\palette.lmp
Loaded texture collection 'D:\quake-leveldesign-starterkit-1.17.0\quakedev\wads\deadmeat.wad' in 46ms
Loaded texture collection 'D:\quake-leveldesign-starterkit-1.17.0\quakedev\wads\decon.wad' in 25ms
Loaded texture collection 'D:\quake-leveldesign-starterkit-1.17.0\quakedev\wads\Doom3_base_wall.wad' in 90ms
Loaded texture collection 'D:\quake-leveldesign-starterkit-1.17.0\quakedev\wads\Doom3_washroom.wad' in 2ms
Loaded texture collection 'D:\quake-leveldesign-starterkit-1.17.0\quakedev\wads\Doom3_alphalabs.wad' in 3ms
Loaded texture collection 'D:\quake-leveldesign-starterkit-1.17.0\quakedev\wads\Doom3_enpro.wad' in 13ms
Loaded texture collection 'D:\quake-leveldesign-starterkit-1.17.0\quakedev\wads\Doom3_caves.wad' in 20ms
Loaded texture collection 'D:\quake-leveldesign-starterkit-1.17.0\quakedev\wads\ikwhite.wad' in 20ms
Loaded texture collection 'D:\quake-leveldesign-starterkit-1.17.0\quakedev\wads\MEDIEVAL.WAD' in 11ms
Loaded D:\quake-leveldesign-starterkit-1.17.0\quakedev\quakespasm\id1\maps\Evil-Restaurant\EvilRestaurantv01.map in 352ms
