Renderer info: Intel(R) UHD Graphics 630 version 4.6.0 - Build 26.20.100.7261 from Intel
Depth buffer bits: 24
Multisampling enabled
Adding file system path C:\Users\legoc\OneDrive - Columbia College Chicago\quake-leveldesign-starterkit-1.17.0\quakedev\trenchbroom\defaults\assets
Adding file system path C:\Users\legoc\OneDrive - Columbia College Chicago\quake-leveldesign-starterkit-1.17.0\quakedev\trenchbroom\defaults\assets
Adding file system path D:\quake-leveldesign-starterkit-1.17.0\quakedev\quakespasm\id1
Adding file system package PAK0.PAK
Adding file system package PAK1.PAK
Loading document from D:\quake-leveldesign-starterkit-1.17.0\quakedev\quakespasm\id1\maps\Evil-Restaurant\EvilRestaurantv01.map
Loaded entity definition file Quake.fgd
Loading palette file gfx\palette.lmp
Loaded texture collection 'D:\quake-leveldesign-starterkit-1.17.0\quakedev\wads\prototype_1_3.wad' in 202ms
Loaded texture collection 'D:\quake-leveldesign-starterkit-1.17.0\quakedev\wads\deadmeat.wad' in 146ms
Loaded texture collection 'D:\quake-leveldesign-starterkit-1.17.0\quakedev\wads\decon.wad' in 95ms
Loaded texture collection 'D:\quake-leveldesign-starterkit-1.17.0\quakedev\wads\Doom3_base_wall.wad' in 126ms
Loaded texture collection 'D:\quake-leveldesign-starterkit-1.17.0\quakedev\wads\Doom3_recycle_floor.wad' in 15ms
Loaded texture collection 'D:\quake-leveldesign-starterkit-1.17.0\quakedev\wads\Doom3_washroom.wad' in 27ms
Loaded texture collection 'D:\quake-leveldesign-starterkit-1.17.0\quakedev\wads\Doom3_alphalabs.wad' in 30ms
Loaded texture collection 'D:\quake-leveldesign-starterkit-1.17.0\quakedev\wads\Doom3_enpro.wad' in 34ms
Loaded texture collection 'D:\quake-leveldesign-starterkit-1.17.0\quakedev\wads\Doom3_outside.wad' in 51ms
Loaded texture collection 'D:\quake-leveldesign-starterkit-1.17.0\quakedev\wads\Doom3_caves.wad' in 54ms
Loaded texture collection 'D:\quake-leveldesign-starterkit-1.17.0\quakedev\wads\ikwhite.wad' in 54ms
Loaded texture collection 'D:\quake-leveldesign-starterkit-1.17.0\quakedev\wads\IKBLUE.WAD' in 38ms
Loaded texture collection 'D:\quake-leveldesign-starterkit-1.17.0\quakedev\wads\MEDIEVAL.WAD' in 58ms
Loaded texture collection 'D:\quake-leveldesign-starterkit-1.17.0\quakedev\wads\deadmeat.wad' in 48ms
Loaded texture collection 'D:\quake-leveldesign-starterkit-1.17.0\quakedev\wads\decon.wad' in 26ms
Loaded texture collection 'D:\quake-leveldesign-starterkit-1.17.0\quakedev\wads\Doom3_base_wall.wad' in 89ms
Loaded texture collection 'D:\quake-leveldesign-starterkit-1.17.0\quakedev\wads\Doom3_recycle_floor.wad' in 1ms
Loaded texture collection 'D:\quake-leveldesign-starterkit-1.17.0\quakedev\wads\Doom3_alphalabs.wad' in 3ms
Loaded texture collection 'D:\quake-leveldesign-starterkit-1.17.0\quakedev\wads\Doom3_washroom.wad' in 2ms
Loaded texture collection 'D:\quake-leveldesign-starterkit-1.17.0\quakedev\wads\Doom3_enpro.wad' in 13ms
Loaded texture collection 'D:\quake-leveldesign-starterkit-1.17.0\quakedev\wads\Doom3_outside.wad' in 14ms
Loaded texture collection 'D:\quake-leveldesign-starterkit-1.17.0\quakedev\wads\Doom3_caves.wad' in 20ms
Loaded texture collection 'D:\quake-leveldesign-starterkit-1.17.0\quakedev\wads\IKBLUE.WAD' in 8ms
Loaded texture collection 'D:\quake-leveldesign-starterkit-1.17.0\quakedev\wads\MEDIEVAL.WAD' in 12ms
Loaded D:\quake-leveldesign-starterkit-1.17.0\quakedev\quakespasm\id1\maps\Evil-Restaurant\EvilRestaurantv01.map in 1533ms
Saved D:\quake-leveldesign-starterkit-1.17.0\quakedev\quakespasm\id1\maps\Evil-Restaurant\EvilRestaurantv01.map in 351ms
Saved D:\quake-leveldesign-starterkit-1.17.0\quakedev\quakespasm\id1\maps\Evil-Restaurant\EvilRestaurantv01.map in 62ms
Saved D:\quake-leveldesign-starterkit-1.17.0\quakedev\quakespasm\id1\maps\Evil-Restaurant\EvilRestaurantv01.map in 85ms
Loading palette file gfx\palette.lmp
Loading palette file gfx\palette.lmp
Loading palette file gfx\palette.lmp
Loading palette file gfx\palette.lmp
Loaded texture collection 'D:\quake-leveldesign-starterkit-1.17.0\quakedev\wads\deadmeat.wad' in 44ms
Loaded texture collection 'D:\quake-leveldesign-starterkit-1.17.0\quakedev\wads\decon.wad' in 29ms
Loaded texture collection 'D:\quake-leveldesign-starterkit-1.17.0\quakedev\wads\Doom3_base_wall.wad' in 85ms
Loaded texture collection 'D:\quake-leveldesign-starterkit-1.17.0\quakedev\wads\Doom3_recycle_floor.wad' in 1ms
Loaded texture collection 'D:\quake-leveldesign-starterkit-1.17.0\quakedev\wads\Doom3_washroom.wad' in 2ms
Loaded texture collection 'D:\quake-leveldesign-starterkit-1.17.0\quakedev\wads\Doom3_alphalabs.wad' in 3ms
Loaded texture collection 'D:\quake-leveldesign-starterkit-1.17.0\quakedev\wads\Doom3_enpro.wad' in 13ms
Loaded texture collection 'D:\quake-leveldesign-starterkit-1.17.0\quakedev\wads\Doom3_outside.wad' in 14ms
Loaded texture collection 'D:\quake-leveldesign-starterkit-1.17.0\quakedev\wads\Doom3_caves.wad' in 20ms
Loaded texture collection 'D:\quake-leveldesign-starterkit-1.17.0\quakedev\wads\ikwhite.wad' in 19ms
Loaded texture collection 'D:\quake-leveldesign-starterkit-1.17.0\quakedev\wads\MEDIEVAL.WAD' in 11ms
Loaded texture collection 'D:\quake-leveldesign-starterkit-1.17.0\quakedev\wads\deadmeat.wad' in 45ms
Loaded texture collection 'D:\quake-leveldesign-starterkit-1.17.0\quakedev\wads\decon.wad' in 24ms
Loaded texture collection 'D:\quake-leveldesign-starterkit-1.17.0\quakedev\wads\Doom3_base_wall.wad' in 85ms
Loaded texture collection 'D:\quake-leveldesign-starterkit-1.17.0\quakedev\wads\Doom3_recycle_floor.wad' in 1ms
Loaded texture collection 'D:\quake-leveldesign-starterkit-1.17.0\quakedev\wads\Doom3_alphalabs.wad' in 3ms
Loaded texture collection 'D:\quake-leveldesign-starterkit-1.17.0\quakedev\wads\Doom3_washroom.wad' in 2ms
Loaded texture collection 'D:\quake-leveldesign-starterkit-1.17.0\quakedev\wads\Doom3_enpro.wad' in 13ms
Loaded texture collection 'D:\quake-leveldesign-starterkit-1.17.0\quakedev\wads\Doom3_outside.wad' in 13ms
Loaded texture collection 'D:\quake-leveldesign-starterkit-1.17.0\quakedev\wads\Doom3_caves.wad' in 20ms
Loaded texture collection 'D:\quake-leveldesign-starterkit-1.17.0\quakedev\wads\MEDIEVAL.WAD' in 12ms
Loading palette file gfx\palette.lmp
Loaded texture collection 'D:\quake-leveldesign-starterkit-1.17.0\quakedev\wads\IKBLUE.WAD' in 7ms
Loaded texture collection 'D:\quake-leveldesign-starterkit-1.17.0\quakedev\wads\IKBLUE.WAD' in 7ms
Created autosave backup at D:\quake-leveldesign-starterkit-1.17.0\quakedev\quakespasm\id1\maps\Evil-Restaurant\autosave\EvilRestaurantv01.22.map
Loading palette file gfx\palette.lmp
Loading palette file gfx\palette.lmp
Loaded texture collection 'D:\quake-leveldesign-starterkit-1.17.0\quakedev\wads\deadmeat.wad' in 60ms
Loaded texture collection 'D:\quake-leveldesign-starterkit-1.17.0\quakedev\wads\deadmeat.wad' in 59ms
Loading palette file gfx\palette.lmp
Loading palette file gfx\palette.lmp
Loading palette file gfx\palette.lmp
Saved D:\quake-leveldesign-starterkit-1.17.0\quakedev\quakespasm\id1\maps\Evil-Restaurant\EvilRestaurantv01.map in 366ms
Saved D:\quake-leveldesign-starterkit-1.17.0\quakedev\quakespasm\id1\maps\Evil-Restaurant\EvilRestaurantv01.map in 36ms
Saved D:\quake-leveldesign-starterkit-1.17.0\quakedev\quakespasm\id1\maps\Evil-Restaurant\EvilRestaurantv01.map in 55ms
Saved D:\quake-leveldesign-starterkit-1.17.0\quakedev\quakespasm\id1\maps\Evil-Restaurant\EvilRestaurantv01.map in 21ms
Saved D:\quake-leveldesign-starterkit-1.17.0\quakedev\quakespasm\id1\maps\Evil-Restaurant\EvilRestaurantv01.map in 37ms
Saved D:\quake-leveldesign-starterkit-1.17.0\quakedev\quakespasm\id1\maps\Evil-Restaurant\EvilRestaurantv01.map in 102ms
Saved D:\quake-leveldesign-starterkit-1.17.0\quakedev\quakespasm\id1\maps\Evil-Restaurant\EvilRestaurantv01.map in 24ms
Loading palette file gfx\palette.lmp
Loading palette file gfx\palette.lmp
Loaded texture collection 'D:\quake-leveldesign-starterkit-1.17.0\quakedev\wads\MEDIEVAL.WAD' in 36ms
Loaded texture collection 'D:\quake-leveldesign-starterkit-1.17.0\quakedev\wads\MEDIEVAL.WAD' in 13ms
Loading palette file gfx\palette.lmp
Loading palette file gfx\palette.lmp
Loaded texture collection 'D:\quake-leveldesign-starterkit-1.17.0\quakedev\wads\MEDIEVAL.WAD' in 30ms
Loaded texture collection 'D:\quake-leveldesign-starterkit-1.17.0\quakedev\wads\MEDIEVAL.WAD' in 11ms
Reloading texture collections
Loading palette file gfx\palette.lmp
Loaded texture collection 'D:\quake-leveldesign-starterkit-1.17.0\quakedev\wads\deadmeat.wad' in 43ms
Loaded texture collection 'D:\quake-leveldesign-starterkit-1.17.0\quakedev\wads\decon.wad' in 24ms
Loaded texture collection 'D:\quake-leveldesign-starterkit-1.17.0\quakedev\wads\Doom3_base_wall.wad' in 89ms
Loaded texture collection 'D:\quake-leveldesign-starterkit-1.17.0\quakedev\wads\Doom3_washroom.wad' in 3ms
Loaded texture collection 'D:\quake-leveldesign-starterkit-1.17.0\quakedev\wads\Doom3_alphalabs.wad' in 4ms
Loaded texture collection 'D:\quake-leveldesign-starterkit-1.17.0\quakedev\wads\Doom3_enpro.wad' in 17ms
Loaded texture collection 'D:\quake-leveldesign-starterkit-1.17.0\quakedev\wads\Doom3_caves.wad' in 24ms
Loaded texture collection 'D:\quake-leveldesign-starterkit-1.17.0\quakedev\wads\ikwhite.wad' in 22ms
Loaded texture collection 'D:\quake-leveldesign-starterkit-1.17.0\quakedev\wads\MEDIEVAL.WAD' in 12ms
Loaded texture collection 'D:\quake-leveldesign-starterkit-1.17.0\quakedev\wads\deadmeat.wad' in 56ms
Loaded texture collection 'D:\quake-leveldesign-starterkit-1.17.0\quakedev\wads\decon.wad' in 29ms
Loaded texture collection 'D:\quake-leveldesign-starterkit-1.17.0\quakedev\wads\Doom3_base_wall.wad' in 102ms
Loaded texture collection 'D:\quake-leveldesign-starterkit-1.17.0\quakedev\wads\Doom3_alphalabs.wad' in 3ms
Loaded texture collection 'D:\quake-leveldesign-starterkit-1.17.0\quakedev\wads\Doom3_washroom.wad' in 2ms
Loaded texture collection 'D:\quake-leveldesign-starterkit-1.17.0\quakedev\wads\Doom3_enpro.wad' in 15ms
Loaded texture collection 'D:\quake-leveldesign-starterkit-1.17.0\quakedev\wads\Doom3_caves.wad' in 27ms
Loaded texture collection 'D:\quake-leveldesign-starterkit-1.17.0\quakedev\wads\MEDIEVAL.WAD' in 14ms
Loading palette file gfx\palette.lmp
Reloading texture collections
Loading palette file gfx\palette.lmp
Loaded texture collection 'D:\quake-leveldesign-starterkit-1.17.0\quakedev\wads\deadmeat.wad' in 43ms
Loaded texture collection 'D:\quake-leveldesign-starterkit-1.17.0\quakedev\wads\decon.wad' in 23ms
Loaded texture collection 'D:\quake-leveldesign-starterkit-1.17.0\quakedev\wads\Doom3_base_wall.wad' in 86ms
Loaded texture collection 'D:\quake-leveldesign-starterkit-1.17.0\quakedev\wads\Doom3_washroom.wad' in 2ms
Loaded texture collection 'D:\quake-leveldesign-starterkit-1.17.0\quakedev\wads\Doom3_alphalabs.wad' in 3ms
Loaded texture collection 'D:\quake-leveldesign-starterkit-1.17.0\quakedev\wads\Doom3_enpro.wad' in 12ms
Loaded texture collection 'D:\quake-leveldesign-starterkit-1.17.0\quakedev\wads\Doom3_caves.wad' in 20ms
Loaded texture collection 'D:\quake-leveldesign-starterkit-1.17.0\quakedev\wads\ikwhite.wad' in 19ms
Loaded texture collection 'D:\quake-leveldesign-starterkit-1.17.0\quakedev\wads\MEDIEVAL.WAD' in 11ms
Loaded texture collection 'D:\quake-leveldesign-starterkit-1.17.0\quakedev\wads\deadmeat.wad' in 58ms
Loaded texture collection 'D:\quake-leveldesign-starterkit-1.17.0\quakedev\wads\decon.wad' in 34ms
Loaded texture collection 'D:\quake-leveldesign-starterkit-1.17.0\quakedev\wads\Doom3_base_wall.wad' in 86ms
Loaded texture collection 'D:\quake-leveldesign-starterkit-1.17.0\quakedev\wads\Doom3_alphalabs.wad' in 3ms
Loaded texture collection 'D:\quake-leveldesign-starterkit-1.17.0\quakedev\wads\Doom3_washroom.wad' in 2ms
Loaded texture collection 'D:\quake-leveldesign-starterkit-1.17.0\quakedev\wads\Doom3_enpro.wad' in 13ms
Loaded texture collection 'D:\quake-leveldesign-starterkit-1.17.0\quakedev\wads\Doom3_caves.wad' in 19ms
Loaded texture collection 'D:\quake-leveldesign-starterkit-1.17.0\quakedev\wads\MEDIEVAL.WAD' in 10ms
Loading palette file gfx\palette.lmp
Reloading texture collections
Loading palette file gfx\palette.lmp
Loaded texture collection 'D:\quake-leveldesign-starterkit-1.17.0\quakedev\wads\deadmeat.wad' in 50ms
Loaded texture collection 'D:\quake-leveldesign-starterkit-1.17.0\quakedev\wads\decon.wad' in 39ms
Loaded texture collection 'D:\quake-leveldesign-starterkit-1.17.0\quakedev\wads\Doom3_base_wall.wad' in 84ms
Loaded texture collection 'D:\quake-leveldesign-starterkit-1.17.0\quakedev\wads\Doom3_washroom.wad' in 2ms
Loaded texture collection 'D:\quake-leveldesign-starterkit-1.17.0\quakedev\wads\Doom3_alphalabs.wad' in 3ms
Loaded texture collection 'D:\quake-leveldesign-starterkit-1.17.0\quakedev\wads\Doom3_enpro.wad' in 12ms
Loaded texture collection 'D:\quake-leveldesign-starterkit-1.17.0\quakedev\wads\Doom3_caves.wad' in 19ms
Loaded texture collection 'D:\quake-leveldesign-starterkit-1.17.0\quakedev\wads\ikwhite.wad' in 19ms
Loaded texture collection 'D:\quake-leveldesign-starterkit-1.17.0\quakedev\wads\MEDIEVAL.WAD' in 10ms
Loaded texture collection 'D:\quake-leveldesign-starterkit-1.17.0\quakedev\wads\deadmeat.wad' in 43ms
Loaded texture collection 'D:\quake-leveldesign-starterkit-1.17.0\quakedev\wads\decon.wad' in 23ms
Loaded texture collection 'D:\quake-leveldesign-starterkit-1.17.0\quakedev\wads\Doom3_base_wall.wad' in 97ms
Loaded texture collection 'D:\quake-leveldesign-starterkit-1.17.0\quakedev\wads\Doom3_alphalabs.wad' in 3ms
Loaded texture collection 'D:\quake-leveldesign-starterkit-1.17.0\quakedev\wads\Doom3_washroom.wad' in 2ms
Loaded texture collection 'D:\quake-leveldesign-starterkit-1.17.0\quakedev\wads\Doom3_enpro.wad' in 19ms
Loaded texture collection 'D:\quake-leveldesign-starterkit-1.17.0\quakedev\wads\Doom3_caves.wad' in 20ms
Loaded texture collection 'D:\quake-leveldesign-starterkit-1.17.0\quakedev\wads\MEDIEVAL.WAD' in 11ms
Loading palette file gfx\palette.lmp
Reloading texture collections
Loading palette file gfx\palette.lmp
Loaded texture collection 'D:\quake-leveldesign-starterkit-1.17.0\quakedev\wads\deadmeat.wad' in 64ms
Loaded texture collection 'D:\quake-leveldesign-starterkit-1.17.0\quakedev\wads\decon.wad' in 22ms
Loaded texture collection 'D:\quake-leveldesign-starterkit-1.17.0\quakedev\wads\Doom3_base_wall.wad' in 83ms
Loaded texture collection 'D:\quake-leveldesign-starterkit-1.17.0\quakedev\wads\Doom3_washroom.wad' in 1ms
Loaded texture collection 'D:\quake-leveldesign-starterkit-1.17.0\quakedev\wads\Doom3_alphalabs.wad' in 3ms
Loaded texture collection 'D:\quake-leveldesign-starterkit-1.17.0\quakedev\wads\Doom3_enpro.wad' in 12ms
Loaded texture collection 'D:\quake-leveldesign-starterkit-1.17.0\quakedev\wads\Doom3_caves.wad' in 19ms
Loaded texture collection 'D:\quake-leveldesign-starterkit-1.17.0\quakedev\wads\ikwhite.wad' in 19ms
Loaded texture collection 'D:\quake-leveldesign-starterkit-1.17.0\quakedev\wads\MEDIEVAL.WAD' in 10ms
Loaded texture collection 'D:\quake-leveldesign-starterkit-1.17.0\quakedev\wads\deadmeat.wad' in 43ms
Loaded texture collection 'D:\quake-leveldesign-starterkit-1.17.0\quakedev\wads\decon.wad' in 24ms
Loaded texture collection 'D:\quake-leveldesign-starterkit-1.17.0\quakedev\wads\Doom3_base_wall.wad' in 92ms
Loaded texture collection 'D:\quake-leveldesign-starterkit-1.17.0\quakedev\wads\Doom3_alphalabs.wad' in 3ms
Loaded texture collection 'D:\quake-leveldesign-starterkit-1.17.0\quakedev\wads\Doom3_washroom.wad' in 2ms
Loaded texture collection 'D:\quake-leveldesign-starterkit-1.17.0\quakedev\wads\Doom3_enpro.wad' in 12ms
Loaded texture collection 'D:\quake-leveldesign-starterkit-1.17.0\quakedev\wads\Doom3_caves.wad' in 20ms
Loaded texture collection 'D:\quake-leveldesign-starterkit-1.17.0\quakedev\wads\MEDIEVAL.WAD' in 11ms
Loading palette file gfx\palette.lmp
Reloading texture collections
Loading palette file gfx\palette.lmp
Loaded texture collection 'D:\quake-leveldesign-starterkit-1.17.0\quakedev\wads\deadmeat.wad' in 56ms
Loaded texture collection 'D:\quake-leveldesign-starterkit-1.17.0\quakedev\wads\decon.wad' in 27ms
Loaded texture collection 'D:\quake-leveldesign-starterkit-1.17.0\quakedev\wads\Doom3_base_wall.wad' in 84ms
Loaded texture collection 'D:\quake-leveldesign-starterkit-1.17.0\quakedev\wads\Doom3_washroom.wad' in 2ms
Loaded texture collection 'D:\quake-leveldesign-starterkit-1.17.0\quakedev\wads\Doom3_alphalabs.wad' in 3ms
Loaded texture collection 'D:\quake-leveldesign-starterkit-1.17.0\quakedev\wads\Doom3_enpro.wad' in 13ms
Loaded texture collection 'D:\quake-leveldesign-starterkit-1.17.0\quakedev\wads\Doom3_caves.wad' in 20ms
Loaded texture collection 'D:\quake-leveldesign-starterkit-1.17.0\quakedev\wads\ikwhite.wad' in 19ms
Loaded texture collection 'D:\quake-leveldesign-starterkit-1.17.0\quakedev\wads\MEDIEVAL.WAD' in 11ms
Loaded texture collection 'D:\quake-leveldesign-starterkit-1.17.0\quakedev\wads\deadmeat.wad' in 45ms
Loaded texture collection 'D:\quake-leveldesign-starterkit-1.17.0\quakedev\wads\decon.wad' in 25ms
Loaded texture collection 'D:\quake-leveldesign-starterkit-1.17.0\quakedev\wads\Doom3_base_wall.wad' in 89ms
Loaded texture collection 'D:\quake-leveldesign-starterkit-1.17.0\quakedev\wads\Doom3_alphalabs.wad' in 3ms
Loaded texture collection 'D:\quake-leveldesign-starterkit-1.17.0\quakedev\wads\Doom3_washroom.wad' in 2ms
Loaded texture collection 'D:\quake-leveldesign-starterkit-1.17.0\quakedev\wads\Doom3_enpro.wad' in 12ms
Loaded texture collection 'D:\quake-leveldesign-starterkit-1.17.0\quakedev\wads\Doom3_caves.wad' in 22ms
Loaded texture collection 'D:\quake-leveldesign-starterkit-1.17.0\quakedev\wads\MEDIEVAL.WAD' in 11ms
Loading palette file gfx\palette.lmp
Reloading texture collections
Loading palette file gfx\palette.lmp
Loaded texture collection 'D:\quake-leveldesign-starterkit-1.17.0\quakedev\wads\deadmeat.wad' in 43ms
Loaded texture collection 'D:\quake-leveldesign-starterkit-1.17.0\quakedev\wads\decon.wad' in 23ms
Loaded texture collection 'D:\quake-leveldesign-starterkit-1.17.0\quakedev\wads\Doom3_base_wall.wad' in 83ms
Loaded texture collection 'D:\quake-leveldesign-starterkit-1.17.0\quakedev\wads\Doom3_washroom.wad' in 2ms
Loaded texture collection 'D:\quake-leveldesign-starterkit-1.17.0\quakedev\wads\Doom3_alphalabs.wad' in 3ms
Loaded texture collection 'D:\quake-leveldesign-starterkit-1.17.0\quakedev\wads\Doom3_enpro.wad' in 12ms
Loaded texture collection 'D:\quake-leveldesign-starterkit-1.17.0\quakedev\wads\Doom3_caves.wad' in 19ms
Loaded texture collection 'D:\quake-leveldesign-starterkit-1.17.0\quakedev\wads\ikwhite.wad' in 19ms
Loaded texture collection 'D:\quake-leveldesign-starterkit-1.17.0\quakedev\wads\MEDIEVAL.WAD' in 10ms
Loaded texture collection 'D:\quake-leveldesign-starterkit-1.17.0\quakedev\wads\deadmeat.wad' in 44ms
Loaded texture collection 'D:\quake-leveldesign-starterkit-1.17.0\quakedev\wads\decon.wad' in 24ms
Loaded texture collection 'D:\quake-leveldesign-starterkit-1.17.0\quakedev\wads\Doom3_base_wall.wad' in 93ms
Loaded texture collection 'D:\quake-leveldesign-starterkit-1.17.0\quakedev\wads\Doom3_alphalabs.wad' in 3ms
Loaded texture collection 'D:\quake-leveldesign-starterkit-1.17.0\quakedev\wads\Doom3_washroom.wad' in 2ms
Loaded texture collection 'D:\quake-leveldesign-starterkit-1.17.0\quakedev\wads\Doom3_enpro.wad' in 12ms
Loaded texture collection 'D:\quake-leveldesign-starterkit-1.17.0\quakedev\wads\Doom3_caves.wad' in 20ms
Loaded texture collection 'D:\quake-leveldesign-starterkit-1.17.0\quakedev\wads\MEDIEVAL.WAD' in 11ms
Loading palette file gfx\palette.lmp
Loading palette file gfx\palette.lmp
Loading palette file gfx\palette.lmp
Loaded texture collection 'D:\quake-leveldesign-starterkit-1.17.0\quakedev\wads\deadmeat.wad' in 44ms
Loading palette file gfx\palette.lmp
Loaded texture collection 'D:\quake-leveldesign-starterkit-1.17.0\quakedev\wads\decon.wad' in 23ms
Loading palette file gfx\palette.lmp
Loaded texture collection 'D:\quake-leveldesign-starterkit-1.17.0\quakedev\wads\Doom3_base_wall.wad' in 82ms
Loading palette file gfx\palette.lmp
Loaded texture collection 'D:\quake-leveldesign-starterkit-1.17.0\quakedev\wads\Doom3_washroom.wad' in 2ms
Loading palette file gfx\palette.lmp
Loaded texture collection 'D:\quake-leveldesign-starterkit-1.17.0\quakedev\wads\Doom3_alphalabs.wad' in 3ms
Loading palette file gfx\palette.lmp
Loaded texture collection 'D:\quake-leveldesign-starterkit-1.17.0\quakedev\wads\Doom3_enpro.wad' in 11ms
Loading palette file gfx\palette.lmp
Loaded texture collection 'D:\quake-leveldesign-starterkit-1.17.0\quakedev\wads\Doom3_caves.wad' in 22ms
Loading palette file gfx\palette.lmp
Loaded texture collection 'D:\quake-leveldesign-starterkit-1.17.0\quakedev\wads\ikwhite.wad' in 17ms
Loading palette file gfx\palette.lmp
Loaded texture collection 'D:\quake-leveldesign-starterkit-1.17.0\quakedev\wads\MEDIEVAL.WAD' in 10ms
Saved D:\quake-leveldesign-starterkit-1.17.0\quakedev\quakespasm\id1\maps\Evil-Restaurant\EvilRestaurantv01.map in 50ms
Saved D:\quake-leveldesign-starterkit-1.17.0\quakedev\quakespasm\id1\maps\Evil-Restaurant\EvilRestaurantv01.map in 51ms
Saved D:\quake-leveldesign-starterkit-1.17.0\quakedev\quakespasm\id1\maps\Evil-Restaurant\EvilRestaurantv01.map in 22ms
Saved D:\quake-leveldesign-starterkit-1.17.0\quakedev\quakespasm\id1\maps\Evil-Restaurant\EvilRestaurantv01.map in 43ms
Saved D:\quake-leveldesign-starterkit-1.17.0\quakedev\quakespasm\id1\maps\Evil-Restaurant\EvilRestaurantv01.map in 46ms
